<?xml version="1.0" encoding="UTF-8"?>
<!-- Generated by org.testng.reporters.JUnitReportReporter -->
<testsuite hostname="LAPTOP-QDFSJ3J6" failures="0" tests="1" name="testng.Books" time="5.386" errors="0" timestamp="2024-10-25T03:37:11 IST" skipped="0">
  <testcase classname="testng.Books" name="clickOnBooks" time="5.386"/>
  <system-out>
    <![CDATA[Books page is displayed]]>
  </system-out>
</testsuite> <!-- testng.Books -->
