<?xml version="1.0" encoding="UTF-8"?>
<!-- Generated by org.testng.reporters.JUnitReportReporter -->
<testsuite hostname="LAPTOP-QDFSJ3J6" failures="0" tests="1" name="testng.Bank" time="6.634" errors="0" timestamp="2024-10-19T13:11:38 IST" skipped="0">
  <testcase classname="testng.Bank" name="createAccount" time="6.634"/>
  <system-out>
    <![CDATA[https://www.facebook.com/r.php]]>
  </system-out>
</testsuite> <!-- testng.Bank -->
