<?xml version="1.0" encoding="UTF-8"?>
<!-- Generated by org.testng.reporters.JUnitReportReporter -->
<testsuite hostname="LAPTOP-QDFSJ3J6" failures="0" tests="2" name="testng.D43_DependOnMethod" time="20.681" errors="0" timestamp="2024-10-19T09:51:30 IST" skipped="0">
  <testcase classname="testng.D43_DependOnMethod" name="register" time="12.818"/>
  <system-out>
    <![CDATA[register is successful]]>
  </system-out>
  <testcase classname="testng.D43_DependOnMethod" name="login" time="7.863"/>
  <system-out>
    <![CDATA[login is successful]]>
  </system-out>
</testsuite> <!-- testng.D43_DependOnMethod -->
