<?xml version="1.0" encoding="UTF-8"?>
<!-- Generated by org.testng.reporters.JUnitReportReporter -->
<testsuite hostname="LAPTOP-QDFSJ3J6" failures="0" tests="3" name="testng.D42_Sample" time="20.164" errors="0" timestamp="2024-10-19T09:38:34 IST" skipped="1">
  <testcase classname="testng.D42_Sample" name="login" time="10.090"/>
  <system-out>
    <![CDATA[login is successful]]>
  </system-out>
  <testcase classname="testng.D42_Sample" name="login" time="10.074"/>
  <system-out>
    <![CDATA[login is successful]]>
  </system-out>
  <testcase classname="testng.D42_Sample" name="register">
    <skipped/>
  </testcase> <!-- register -->
  <system-out/>
</testsuite> <!-- testng.D42_Sample -->
