<?xml version="1.0" encoding="UTF-8"?>
<!-- Generated by org.testng.reporters.JUnitReportReporter -->
<testsuite hostname="LAPTOP-QDFSJ3J6" failures="0" tests="1" name="bikes.KTM" time="9.861" errors="0" timestamp="2024-10-23T06:15:49 IST" skipped="0">
  <testcase classname="bikes.KTM" name="launch" time="9.861"/>
  <system-out>
    <![CDATA[ KTM launched successfully]]>
  </system-out>
</testsuite> <!-- bikes.KTM -->
