<?xml version="1.0" encoding="UTF-8"?>
<!-- Generated by org.testng.reporters.JUnitReportReporter -->
<testsuite hostname="LAPTOP-QDFSJ3J6" failures="0" tests="1" name="Assignment40_FacebookTestNGAndPOM.Bank" time="14.254" errors="0" timestamp="2024-10-19T23:20:23 IST" skipped="0">
  <testcase classname="Assignment40_FacebookTestNGAndPOM.Bank" name="createAccount" time="14.254"/>
  <system-out>
    <![CDATA[https://www.facebook.com/
ruhi
seth
keertikapatel5155@gmail.com
ruhi1234]]>
  </system-out>
</testsuite> <!-- Assignment40_FacebookTestNGAndPOM.Bank -->
