<?xml version="1.0" encoding="UTF-8"?>
<!-- Generated by org.testng.reporters.JUnitReportReporter -->
<testsuite hostname="LAPTOP-QDFSJ3J6" failures="0" tests="1" name="assertions.ToLearnSoftAssert" time="10.377" errors="0" timestamp="2024-10-26T04:16:55 IST" skipped="0">
  <testcase classname="assertions.ToLearnSoftAssert" name="login" time="10.377"/>
  <system-out>
    <![CDATA[welcome page is displayed
Login page is displayed
Home is displayed]]>
  </system-out>
</testsuite> <!-- assertions.ToLearnSoftAssert -->
