<?xml version="1.0" encoding="UTF-8"?>
<!-- Generated by org.testng.reporters.JUnitReportReporter -->
<testsuite hostname="LAPTOP-QDFSJ3J6" failures="0" tests="1" name="testng.ToLearnTestNG" time="0.022" errors="0" timestamp="2024-10-18T22:54:47 IST" skipped="0">
  <testcase classname="testng.ToLearnTestNG" name="demo" time="0.022"/>
  <system-out>
    <![CDATA[Welcome to advance selenium]]>
  </system-out>
</testsuite> <!-- testng.ToLearnTestNG -->
