<?xml version="1.0" encoding="UTF-8"?>
<!-- Generated by org.testng.reporters.JUnitReportReporter -->
<testsuite hostname="LAPTOP-QDFSJ3J6" failures="0" tests="1" name="AssignmentBike.Kawasaki" time="34.173" errors="0" timestamp="2024-10-23T21:15:34 IST" skipped="0">
  <testcase classname="AssignmentBike.Kawasaki" name="launch" time="34.173"/>
  <system-out>
    <![CDATA[Kawasaki launched successfully]]>
  </system-out>
</testsuite> <!-- AssignmentBike.Kawasaki -->
