<?xml version="1.0" encoding="UTF-8"?>
<!-- Generated by org.testng.reporters.JUnitReportReporter -->
<testsuite hostname="LAPTOP-QDFSJ3J6" failures="0" tests="1" name="cars.MiniCooper" time="6.269" errors="0" timestamp="2024-10-23T08:41:44 IST" skipped="0">
  <testcase classname="cars.MiniCooper" name="launch" time="6.269"/>
  <system-out>
    <![CDATA[MiniCooper launched successfully]]>
  </system-out>
</testsuite> <!-- cars.MiniCooper -->
