<?xml version="1.0" encoding="UTF-8"?>
<!-- Generated by org.testng.reporters.JUnitReportReporter -->
<testsuite hostname="LAPTOP-QDFSJ3J6" failures="0" tests="1" name="AssignmentBike.Yamaha" time="13.285" errors="0" timestamp="2024-10-23T21:15:34 IST" skipped="0">
  <testcase classname="AssignmentBike.Yamaha" name="launch" time="13.285"/>
  <system-out>
    <![CDATA[Yamaha launched successfully]]>
  </system-out>
</testsuite> <!-- AssignmentBike.Yamaha -->
