<?xml version="1.0" encoding="UTF-8"?>
<!-- Generated by org.testng.reporters.JUnitReportReporter -->
<testsuite hostname="LAPTOP-QDFSJ3J6" failures="0" tests="1" name="testng.ConfigurationAnnotations" time="0.019" errors="0" timestamp="2024-10-24T08:54:06 IST" skipped="0">
  <testcase classname="testng.ConfigurationAnnotations" name="demo" time="0.019"/>
  <system-out>
    <![CDATA[@Test(demo) executed]]>
  </system-out>
</testsuite> <!-- testng.ConfigurationAnnotations -->
