<?xml version="1.0" encoding="UTF-8"?>
<!-- Generated by org.testng.reporters.JUnitReportReporter -->
<testsuite hostname="LAPTOP-QDFSJ3J6" failures="0" tests="1" name="assignmentminiproject.GiftCards" time="5.202" errors="0" timestamp="2024-11-06T11:25:15 IST" skipped="0">
  <testcase classname="assignmentminiproject.GiftCards" name="clickOnGift" time="5.202"/>
  <system-out>
    <![CDATA[Gift Cards  page is displayed
TestScript is passed]]>
  </system-out>
</testsuite> <!-- assignmentminiproject.GiftCards -->
