<?xml version="1.0" encoding="UTF-8"?>
<!-- Generated by org.testng.reporters.JUnitReportReporter -->
<testsuite hostname="LAPTOP-QDFSJ3J6" failures="0" tests="1" name="AssignmentBike.Honda" time="11.069" errors="0" timestamp="2024-10-23T21:52:12 IST" skipped="0">
  <testcase classname="AssignmentBike.Honda" name="launch" time="11.069"/>
  <system-out>
    <![CDATA[Honda launched successfully]]>
  </system-out>
</testsuite> <!-- AssignmentBike.Honda -->
