<?xml version="1.0" encoding="UTF-8"?>
<!-- Generated by org.testng.reporters.JUnitReportReporter -->
<testsuite hostname="LAPTOP-QDFSJ3J6" failures="0" tests="1" name="crossbrowertesting.ToLearnCrossBrowserTesting" time="6.949" errors="0" timestamp="2024-10-28T09:27:44 IST" skipped="0">
  <testcase classname="crossbrowertesting.ToLearnCrossBrowserTesting" name="LaunchBrowser" time="6.949"/>
  <system-out/>
</testsuite> <!-- crossbrowertesting.ToLearnCrossBrowserTesting -->
