<?xml version="1.0" encoding="UTF-8"?>
<!-- Generated by org.testng.reporters.JUnitReportReporter -->
<testsuite hostname="LAPTOP-QDFSJ3J6" failures="0" tests="1" name="assignmentminiproject.Books" time="5.920" errors="0" timestamp="2024-11-06T11:25:15 IST" skipped="0">
  <testcase classname="assignmentminiproject.Books" name="clickOnBooks" time="5.920"/>
  <system-out>
    <![CDATA[Books page is displayed
TestScript is passed]]>
  </system-out>
</testsuite> <!-- assignmentminiproject.Books -->
