<?xml version="1.0" encoding="UTF-8"?>
<!-- Generated by org.testng.reporters.JUnitReportReporter -->
<testsuite hostname="LAPTOP-QDFSJ3J6" failures="0" tests="1" name="assertions.ToLearnHardAssert" time="13.986" errors="0" timestamp="2024-10-25T09:30:06 IST" skipped="0">
  <testcase classname="assertions.ToLearnHardAssert" name="login" time="13.986"/>
  <system-out>
    <![CDATA[Welcome page is displayed
Login page is displayed
Home page is displayed]]>
  </system-out>
</testsuite> <!-- assertions.ToLearnHardAssert -->
