<?xml version="1.0" encoding="UTF-8"?>
<!-- Generated by org.testng.reporters.JUnitReportReporter -->
<testsuite hostname="LAPTOP-QDFSJ3J6" failures="0" tests="1" name="AssignmentBike.Ducati" time="35.293" errors="0" timestamp="2024-10-23T21:15:34 IST" skipped="0">
  <testcase classname="AssignmentBike.Ducati" name="launch" time="35.293"/>
  <system-out>
    <![CDATA[Ducati launched successfully]]>
  </system-out>
</testsuite> <!-- AssignmentBike.Ducati -->
