<?xml version="1.0" encoding="UTF-8"?>
<!-- Generated by org.testng.reporters.JUnitReportReporter -->
<testsuite hostname="LAPTOP-QDFSJ3J6" failures="0" tests="1" name="bikes.Ducati" time="18.764" errors="0" timestamp="2024-10-23T06:15:49 IST" skipped="0">
  <testcase classname="bikes.Ducati" name="launch" time="18.764"/>
  <system-out>
    <![CDATA[Ducati launched successfully]]>
  </system-out>
</testsuite> <!-- bikes.Ducati -->
