<?xml version="1.0" encoding="UTF-8"?>
<!-- Generated by org.testng.reporters.JUnitReportReporter -->
<testsuite hostname="LAPTOP-QDFSJ3J6" failures="0" tests="3" name="testng.TestScript" time="40.365" errors="0" timestamp="2024-10-28T09:53:08 IST" skipped="0">
  <testcase classname="testng.TestScript" name="clickOnBooks" time="22.873"/>
  <system-out>
    <![CDATA[Books page is displayed]]>
  </system-out>
  <testcase classname="testng.TestScript" name="clickOnBooks" time="5.983"/>
  <system-out>
    <![CDATA[Books page is displayed]]>
  </system-out>
  <testcase classname="testng.TestScript" name="clickOnBooks" time="11.509"/>
  <system-out>
    <![CDATA[Books page is displayed]]>
  </system-out>
</testsuite> <!-- testng.TestScript -->
