<?xml version="1.0" encoding="UTF-8"?>
<!-- Generated by org.testng.reporters.JUnitReportReporter -->
<testsuite hostname="LAPTOP-QDFSJ3J6" failures="0" tests="1" name="bikes.Yamaha" time="12.790" errors="0" timestamp="2024-10-23T06:15:48 IST" skipped="0">
  <testcase classname="bikes.Yamaha" name="launch" time="12.790"/>
  <system-out>
    <![CDATA[Yamaha launched successfully]]>
  </system-out>
</testsuite> <!-- bikes.Yamaha -->
