<?xml version="1.0" encoding="UTF-8"?>
<!-- Generated by org.testng.reporters.JUnitReportReporter -->
<testsuite hostname="LAPTOP-QDFSJ3J6" failures="0" tests="5" name="dataprovider.Assignment53_ToLearnDataProvider_Register" time="40.872" errors="0" timestamp="2024-10-27T09:02:15 IST" skipped="0">
  <testcase classname="dataprovider.Assignment53_ToLearnDataProvider_Register" name="register" time="7.877"/>
  <system-out/>
  <testcase classname="dataprovider.Assignment53_ToLearnDataProvider_Register" name="register" time="10.448"/>
  <system-out/>
  <testcase classname="dataprovider.Assignment53_ToLearnDataProvider_Register" name="register" time="7.384"/>
  <system-out/>
  <testcase classname="dataprovider.Assignment53_ToLearnDataProvider_Register" name="register" time="6.330"/>
  <system-out/>
  <testcase classname="dataprovider.Assignment53_ToLearnDataProvider_Register" name="register" time="8.833"/>
  <system-out/>
</testsuite> <!-- dataprovider.Assignment53_ToLearnDataProvider_Register -->
