<?xml version="1.0" encoding="UTF-8"?>
<!-- Generated by org.testng.reporters.JUnitReportReporter -->
<testsuite hostname="LAPTOP-QDFSJ3J6" failures="0" tests="1" name="cars.LandRover" time="45.877" errors="0" timestamp="2024-10-22T09:45:46 IST" skipped="0">
  <testcase classname="cars.LandRover" name="launch" time="45.877"/>
  <system-out>
    <![CDATA[LandRover launched successfully]]>
  </system-out>
</testsuite> <!-- cars.LandRover -->
